0 info it worked if it ends with ok
1 verbose cli [ '/usr/bin/node', '/usr/bin/npm', 'install' ]
2 info using npm@1.4.3
3 info using node@v0.10.26
4 verbose node symlink /usr/bin/node
5 warn package.json licode@0.1.0 No repository field.
6 verbose readDependencies using package.json deps
7 verbose install where, deps [ '/home/marco/TFG/licode',
7 verbose install   [ 'vows',
7 verbose install     'coffee-script',
7 verbose install     'winston',
7 verbose install     'karma-script-launcher',
7 verbose install     'karma-firefox-launcher',
7 verbose install     'karma-html2js-preprocessor',
7 verbose install     'karma-jasmine',
7 verbose install     'karma-requirejs',
7 verbose install     'karma-coffee-preprocessor',
7 verbose install     'karma-phantomjs-launcher',
7 verbose install     'karma',
7 verbose install     'karma-chrome-launcher',
7 verbose install     'jasmine-node' ] ]
8 info preinstall licode@0.1.0
9 warn package.json vows@0.6.4 No repository field.
10 verbose readDependencies using package.json deps
11 verbose already installed skipping winston@~0.7.2 /home/marco/TFG/licode
12 verbose already installed skipping vows@0.6.x /home/marco/TFG/licode
13 verbose already installed skipping coffee-script@1.4.x /home/marco/TFG/licode
14 verbose already installed skipping karma-script-launcher@~0.1.0 /home/marco/TFG/licode
15 verbose already installed skipping karma-firefox-launcher@~0.1.0 /home/marco/TFG/licode
16 verbose already installed skipping karma-html2js-preprocessor@~0.1.0 /home/marco/TFG/licode
17 verbose already installed skipping karma-jasmine@~0.1.3 /home/marco/TFG/licode
18 verbose already installed skipping karma-requirejs@~0.1.0 /home/marco/TFG/licode
19 verbose already installed skipping karma-coffee-preprocessor@~0.1.0 /home/marco/TFG/licode
20 verbose already installed skipping karma-phantomjs-launcher@~0.1.0 /home/marco/TFG/licode
21 verbose already installed skipping karma-chrome-launcher@~0.1.0 /home/marco/TFG/licode
22 verbose already installed skipping karma@~0.10.2 /home/marco/TFG/licode
23 verbose already installed skipping jasmine-node@~1.11.0 /home/marco/TFG/licode
24 silly resolved []
25 info build /home/marco/TFG/licode
26 verbose linkStuff [ false, false, false, '/home/marco/TFG' ]
27 info linkStuff licode@0.1.0
28 verbose linkBins licode@0.1.0
29 verbose linkMans licode@0.1.0
30 verbose rebuildBundles licode@0.1.0
31 verbose rebuildBundles [ '.bin',
31 verbose rebuildBundles   'amqp',
31 verbose rebuildBundles   'aws-lib',
31 verbose rebuildBundles   'coffee-script',
31 verbose rebuildBundles   'jasmine-node',
31 verbose rebuildBundles   'karma',
31 verbose rebuildBundles   'karma-chrome-launcher',
31 verbose rebuildBundles   'karma-coffee-preprocessor',
31 verbose rebuildBundles   'karma-firefox-launcher',
31 verbose rebuildBundles   'karma-html2js-preprocessor',
31 verbose rebuildBundles   'karma-jasmine',
31 verbose rebuildBundles   'karma-phantomjs-launcher',
31 verbose rebuildBundles   'karma-requirejs',
31 verbose rebuildBundles   'karma-script-launcher',
31 verbose rebuildBundles   'mongodb',
31 verbose rebuildBundles   'mongojs',
31 verbose rebuildBundles   'socket.io',
31 verbose rebuildBundles   'vows',
31 verbose rebuildBundles   'winston' ]
32 verbose rebuild bundle /home/marco/TFG/licode/node_modules/amqp
33 info build /home/marco/TFG/licode/node_modules/amqp
34 info preinstall amqp@0.1.8
35 verbose linkStuff [ false, false, false, '/home/marco/TFG/licode/node_modules' ]
36 info linkStuff amqp@0.1.8
37 verbose linkBins amqp@0.1.8
38 verbose linkMans amqp@0.1.8
39 verbose rebuildBundles amqp@0.1.8
40 verbose rebuildBundles [ 'lodash', 'longjohn' ]
41 info install amqp@0.1.8
42 info postinstall amqp@0.1.8
43 verbose rebuild bundle /home/marco/TFG/licode/node_modules/aws-lib
44 info build /home/marco/TFG/licode/node_modules/aws-lib
45 info preinstall aws-lib@0.3.0
46 verbose linkStuff [ false, false, false, '/home/marco/TFG/licode/node_modules' ]
47 info linkStuff aws-lib@0.3.0
48 verbose linkBins aws-lib@0.3.0
49 verbose linkMans aws-lib@0.3.0
50 verbose rebuildBundles aws-lib@0.3.0
51 verbose rebuildBundles [ 'sax', 'underscore', 'xml2js' ]
52 info install aws-lib@0.3.0
53 info postinstall aws-lib@0.3.0
54 verbose rebuild bundle /home/marco/TFG/licode/node_modules/mongodb
55 info build /home/marco/TFG/licode/node_modules/mongodb
56 info preinstall mongodb@1.3.23
57 verbose linkStuff [ false, false, false, '/home/marco/TFG/licode/node_modules' ]
58 info linkStuff mongodb@1.3.23
59 verbose linkBins mongodb@1.3.23
60 verbose linkMans mongodb@1.3.23
61 verbose rebuildBundles mongodb@1.3.23
62 verbose rebuildBundles [ 'bson', 'kerberos' ]
63 info install mongodb@1.3.23
64 info postinstall mongodb@1.3.23
65 verbose rebuild bundle /home/marco/TFG/licode/node_modules/mongojs
66 info build /home/marco/TFG/licode/node_modules/mongojs
67 info preinstall mongojs@0.10.0
68 verbose linkStuff [ false, false, false, '/home/marco/TFG/licode/node_modules' ]
69 info linkStuff mongojs@0.10.0
70 verbose linkBins mongojs@0.10.0
71 verbose linkMans mongojs@0.10.0
72 verbose rebuildBundles mongojs@0.10.0
73 verbose rebuildBundles [ 'mongodb', 'readable-stream', 'thunky' ]
74 info install mongojs@0.10.0
75 info postinstall mongojs@0.10.0
76 verbose rebuild bundle /home/marco/TFG/licode/node_modules/socket.io
77 info build /home/marco/TFG/licode/node_modules/socket.io
78 info preinstall socket.io@0.9.16
79 verbose linkStuff [ false, false, false, '/home/marco/TFG/licode/node_modules' ]
80 info linkStuff socket.io@0.9.16
81 verbose linkBins socket.io@0.9.16
82 verbose linkMans socket.io@0.9.16
83 verbose rebuildBundles socket.io@0.9.16
84 verbose rebuildBundles [ 'base64id', 'policyfile', 'redis', 'socket.io-client' ]
85 info install socket.io@0.9.16
86 info postinstall socket.io@0.9.16
87 info install licode@0.1.0
88 info postinstall licode@0.1.0
89 info prepublish licode@0.1.0
90 error peerinvalid The package karma-requirejs does not satisfy its siblings' peerDependencies requirements!
90 error peerinvalid Peer karma@0.10.10 wants karma-requirejs@~0.2.0
91 error System Linux 3.11.0-18-generic
92 error command "/usr/bin/node" "/usr/bin/npm" "install"
93 error cwd /home/marco/TFG/licode/extras/mnserver
94 error node -v v0.10.26
95 error npm -v 1.4.3
96 error code EPEERINVALID
97 verbose exit [ 1, true ]
